<?xml version="1.0" encoding="UTF-8"?>
<!-- Generated by org.testng.reporters.JUnitXMLReporter -->
<testsuite hostname="chinmaya-pc" ignored="0" name="Default test" tests="1" failures="0" timestamp="03 Jan 2018 09:35:38 GMT" time="0.187" errors="0">
  <testcase name="@BeforeClass startWebdriver" time="0.0" classname="utils.TestBase">
    <failure type="org.testng.TestNGException" message="
Parameter &amp;apos;browser&amp;apos; is required by BeforeClass on method startWebdriver but has not been marked @Optional or defined
in C:\Users\chinmaya\AppData\Local\Temp\testng-eclipse-1894314101\testng-customsuite.xml">
      <![CDATA[org.testng.TestNGException: 
Parameter 'browser' is required by BeforeClass on method startWebdriver but has not been marked @Optional or defined
in C:\Users\chinmaya\AppData\Local\Temp\testng-eclipse-1894314101\testng-customsuite.xml
	at org.testng.internal.Parameters.createParameters(Parameters.java:199)
	at org.testng.internal.Parameters.createParameters(Parameters.java:443)
	at org.testng.internal.Parameters.createConfigurationParameters(Parameters.java:118)
	at org.testng.internal.Invoker.invokeConfigurations(Invoker.java:203)
	at org.testng.internal.Invoker.invokeConfigurations(Invoker.java:144)
	at org.testng.internal.TestMethodWorker.invokeBeforeClassMethods(TestMethodWorker.java:169)
	at org.testng.internal.TestMethodWorker.run(TestMethodWorker.java:108)
	at org.testng.TestRunner.privateRun(TestRunner.java:756)
	at org.testng.TestRunner.run(TestRunner.java:610)
	at org.testng.SuiteRunner.runTest(SuiteRunner.java:387)
	at org.testng.SuiteRunner.runSequentially(SuiteRunner.java:382)
	at org.testng.SuiteRunner.privateRun(SuiteRunner.java:340)
	at org.testng.SuiteRunner.run(SuiteRunner.java:289)
	at org.testng.SuiteRunnerWorker.runSuite(SuiteRunnerWorker.java:52)
	at org.testng.SuiteRunnerWorker.run(SuiteRunnerWorker.java:86)
	at org.testng.TestNG.runSuitesSequentially(TestNG.java:1293)
	at org.testng.TestNG.runSuitesLocally(TestNG.java:1218)
	at org.testng.TestNG.runSuites(TestNG.java:1133)
	at org.testng.TestNG.run(TestNG.java:1104)
	at org.testng.remote.AbstractRemoteTestNG.run(AbstractRemoteTestNG.java:132)
	at org.testng.remote.RemoteTestNG.initAndRun(RemoteTestNG.java:236)
	at org.testng.remote.RemoteTestNG.main(RemoteTestNG.java:81)
]]>
    </failure>
  </testcase> <!-- @BeforeClass startWebdriver -->
  <testcase name="@BeforeMethod nameBefore" time="0.0" classname="utils.TestBase">
    <skipped/>
  </testcase> <!-- @BeforeMethod nameBefore -->
  <testcase name="@AfterMethod TestResult" time="0.0" classname="utils.TestBase">
    <skipped/>
  </testcase> <!-- @AfterMethod TestResult -->
  <testcase name="@AfterTest endReport" time="0.0" classname="utils.TestBase">
    <skipped/>
  </testcase> <!-- @AfterTest endReport -->
  <testcase name="TestloginToApplicationWithValidCredentials_TC_01" time="0.001" classname="com.oms.tests.LoginPageTest">
    <skipped/>
  </testcase> <!-- TestloginToApplicationWithValidCredentials_TC_01 -->
</testsuite> <!-- Default test -->
