<?xml version="1.0" encoding="UTF-8"?>
<!-- Generated by org.testng.reporters.JUnitXMLReporter -->
<testsuite hostname="chinmaya-pc" ignored="0" name="Chrome Test" tests="2" failures="1" timestamp="03 Jan 2018 09:32:58 GMT" time="34.396" errors="0">
  <testcase name="TestloginToApplicationWithValidCredentials_TC_01" time="15.11" classname="com.oms.tests.LoginPageTest"/>
  <testcase name="TestloginToApplicationWithInValidCredentials_TC_02" time="0.128" classname="com.oms.tests.LoginPageTest">
    <failure type="org.openqa.selenium.WebDriverException" message="unknown error: Element &amp;lt;img id=&amp;quot;ImgUserImage&amp;quot; class=&amp;quot;img-circle&amp;quot; src=&amp;quot;https://pm4-ppd.onlinemedsys.com////PMFiles//Scan//User//21122017_0722.jpg&amp;quot; style=&amp;quot;margin-top: 5px; margin-right: 8px; height: 40px; float: left;&amp;quot;&amp;gt; is not clickable at point (1120, 38). Other element would receive the click: &amp;lt;i class=&amp;quot;cp emr-icon jQ-profileimg&amp;quot; onclick=&amp;quot;return openUserImageUpload();&amp;quot; style=&amp;quot;z-index: 999999; position: absolute; font-size: 15px; top: 5px; left: 5px; width: 39px; height: 39px; border-radius: 51%; cursor: pointer; color: rgb(255, 255, 255);&amp;quot;&amp;gt;&amp;lt;/i&amp;gt;
  (Session info: chrome=63.0.3239.84)
  (Driver info: chromedriver=2.34.522940 (1a76f96f66e3ca7b8e57d503b4dd3bccfba87af1),platform=Windows NT 6.3.9600 x86_64) (WARNING: The server did not provide any stacktrace information)
Command duration or timeout: 84 milliseconds
Build info: version: &amp;apos;3.4.0&amp;apos;, revision: &amp;apos;unknown&amp;apos;, time: &amp;apos;unknown&amp;apos;
System info: host: &amp;apos;CHINMAYA-PC&amp;apos;, ip: &amp;apos;192.168.56.1&amp;apos;, os.name: &amp;apos;Windows 8.1&amp;apos;, os.arch: &amp;apos;amd64&amp;apos;, os.version: &amp;apos;6.3&amp;apos;, java.version: &amp;apos;1.8.0_102&amp;apos;
Driver info: org.openqa.selenium.chrome.ChromeDriver
Capabilities [{applicationCacheEnabled=false, rotatable=false, mobileEmulationEnabled=false, networkConnectionEnabled=false, chrome={chromedriverVersion=2.34.522940 (1a76f96f66e3ca7b8e57d503b4dd3bccfba87af1), userDataDir=C:\Users\chinmaya\AppData\Local\Temp\scoped_dir5336_5008}, takesHeapSnapshot=true, pageLoadStrategy=normal, databaseEnabled=false, handlesAlerts=true, hasTouchScreen=false, version=63.0.3239.84, platform=WIN8_1, browserConnectionEnabled=false, nativeEvents=true, acceptSslCerts=true, locationContextEnabled=true, webStorageEnabled=true, browserName=chrome, takesScreenshot=true, javascriptEnabled=true, cssSelectorsEnabled=true, setWindowRect=true, unexpectedAlertBehaviour=}]
Session ID: a82102447efbb76f976da684ae4607de">
      <![CDATA[org.openqa.selenium.WebDriverException: unknown error: Element <img id="ImgUserImage" class="img-circle" src="https://pm4-ppd.onlinemedsys.com////PMFiles//Scan//User//21122017_0722.jpg" style="margin-top: 5px; margin-right: 8px; height: 40px; float: left;"> is not clickable at point (1120, 38). Other element would receive the click: <i class="cp emr-icon jQ-profileimg" onclick="return openUserImageUpload();" style="z-index: 999999; position: absolute; font-size: 15px; top: 5px; left: 5px; width: 39px; height: 39px; border-radius: 51%; cursor: pointer; color: rgb(255, 255, 255);"></i>
  (Session info: chrome=63.0.3239.84)
  (Driver info: chromedriver=2.34.522940 (1a76f96f66e3ca7b8e57d503b4dd3bccfba87af1),platform=Windows NT 6.3.9600 x86_64) (WARNING: The server did not provide any stacktrace information)
Command duration or timeout: 84 milliseconds
Build info: version: '3.4.0', revision: 'unknown', time: 'unknown'
System info: host: 'CHINMAYA-PC', ip: '192.168.56.1', os.name: 'Windows 8.1', os.arch: 'amd64', os.version: '6.3', java.version: '1.8.0_102'
Driver info: org.openqa.selenium.chrome.ChromeDriver
Capabilities [{applicationCacheEnabled=false, rotatable=false, mobileEmulationEnabled=false, networkConnectionEnabled=false, chrome={chromedriverVersion=2.34.522940 (1a76f96f66e3ca7b8e57d503b4dd3bccfba87af1), userDataDir=C:\Users\chinmaya\AppData\Local\Temp\scoped_dir5336_5008}, takesHeapSnapshot=true, pageLoadStrategy=normal, databaseEnabled=false, handlesAlerts=true, hasTouchScreen=false, version=63.0.3239.84, platform=WIN8_1, browserConnectionEnabled=false, nativeEvents=true, acceptSslCerts=true, locationContextEnabled=true, webStorageEnabled=true, browserName=chrome, takesScreenshot=true, javascriptEnabled=true, cssSelectorsEnabled=true, setWindowRect=true, unexpectedAlertBehaviour=}]
Session ID: a82102447efbb76f976da684ae4607de
	at org.openqa.selenium.remote.ErrorHandler.createThrowable(ErrorHandler.java:215)
	at org.openqa.selenium.remote.ErrorHandler.throwIfResponseFailed(ErrorHandler.java:167)
	at org.openqa.selenium.remote.RemoteWebDriver.execute(RemoteWebDriver.java:671)
	at org.openqa.selenium.remote.RemoteWebElement.execute(RemoteWebElement.java:272)
	at org.openqa.selenium.remote.RemoteWebElement.click(RemoteWebElement.java:82)
	at com.oms.tests.LoginPageTest.TestloginToApplicationWithInValidCredentials_TC_02(LoginPageTest.java:53)
... Removed 29 stack frames]]>
    </failure>
  </testcase> <!-- TestloginToApplicationWithInValidCredentials_TC_02 -->
</testsuite> <!-- Chrome Test -->
