<?xml version="1.0" encoding="UTF-8"?>
<testng-results skipped="1" failed="0" ignored="0" total="1" passed="0">
  <reporter-output>
  </reporter-output>
  <suite name="Default suite" duration-ms="187" started-at="2018-01-03T09:35:38Z" finished-at="2018-01-03T09:35:38Z">
    <groups>
    </groups>
    <test name="Default test" duration-ms="187" started-at="2018-01-03T09:35:38Z" finished-at="2018-01-03T09:35:38Z">
      <class name="com.oms.tests.LoginPageTest">
        <test-method status="PASS" signature="ExtentReportStart()[pri:0, instance:com.oms.tests.LoginPageTest@60438a68]" name="ExtentReportStart" is-config="true" duration-ms="146" started-at="2018-01-03T15:05:38Z" finished-at="2018-01-03T15:05:38Z">
          <reporter-output>
          </reporter-output>
        </test-method> <!-- ExtentReportStart -->
        <test-method status="FAIL" signature="startWebdriver(java.lang.String)[pri:0, instance:com.oms.tests.LoginPageTest@60438a68]" name="startWebdriver" is-config="true" duration-ms="0" started-at="2018-01-03T15:05:38Z" finished-at="2018-01-03T15:05:38Z">
          <exception class="org.testng.TestNGException">
            <message>
              <![CDATA[
Parameter 'browser' is required by BeforeClass on method startWebdriver but has not been marked @Optional or defined
in C:\Users\chinmaya\AppData\Local\Temp\testng-eclipse-1894314101\testng-customsuite.xml]]>
            </message>
            <full-stacktrace>
              <![CDATA[org.testng.TestNGException: 
Parameter 'browser' is required by BeforeClass on method startWebdriver but has not been marked @Optional or defined
in C:\Users\chinmaya\AppData\Local\Temp\testng-eclipse-1894314101\testng-customsuite.xml
	at org.testng.internal.Parameters.createParameters(Parameters.java:199)
	at org.testng.internal.Parameters.createParameters(Parameters.java:443)
	at org.testng.internal.Parameters.createConfigurationParameters(Parameters.java:118)
	at org.testng.internal.Invoker.invokeConfigurations(Invoker.java:203)
	at org.testng.internal.Invoker.invokeConfigurations(Invoker.java:144)
	at org.testng.internal.TestMethodWorker.invokeBeforeClassMethods(TestMethodWorker.java:169)
	at org.testng.internal.TestMethodWorker.run(TestMethodWorker.java:108)
	at org.testng.TestRunner.privateRun(TestRunner.java:756)
	at org.testng.TestRunner.run(TestRunner.java:610)
	at org.testng.SuiteRunner.runTest(SuiteRunner.java:387)
	at org.testng.SuiteRunner.runSequentially(SuiteRunner.java:382)
	at org.testng.SuiteRunner.privateRun(SuiteRunner.java:340)
	at org.testng.SuiteRunner.run(SuiteRunner.java:289)
	at org.testng.SuiteRunnerWorker.runSuite(SuiteRunnerWorker.java:52)
	at org.testng.SuiteRunnerWorker.run(SuiteRunnerWorker.java:86)
	at org.testng.TestNG.runSuitesSequentially(TestNG.java:1293)
	at org.testng.TestNG.runSuitesLocally(TestNG.java:1218)
	at org.testng.TestNG.runSuites(TestNG.java:1133)
	at org.testng.TestNG.run(TestNG.java:1104)
	at org.testng.remote.AbstractRemoteTestNG.run(AbstractRemoteTestNG.java:132)
	at org.testng.remote.RemoteTestNG.initAndRun(RemoteTestNG.java:236)
	at org.testng.remote.RemoteTestNG.main(RemoteTestNG.java:81)
]]>
            </full-stacktrace>
          </exception> <!-- org.testng.TestNGException -->
          <reporter-output>
          </reporter-output>
        </test-method> <!-- startWebdriver -->
        <test-method status="SKIP" signature="nameBefore(java.lang.reflect.Method)[pri:0, instance:com.oms.tests.LoginPageTest@60438a68]" name="nameBefore" is-config="true" duration-ms="0" started-at="2018-01-03T15:05:38Z" finished-at="2018-01-03T15:05:38Z">
          <reporter-output>
          </reporter-output>
        </test-method> <!-- nameBefore -->
        <test-method status="SKIP" signature="TestloginToApplicationWithValidCredentials_TC_01()[pri:0, instance:com.oms.tests.LoginPageTest@60438a68]" name="TestloginToApplicationWithValidCredentials_TC_01" duration-ms="1" started-at="2018-01-03T15:05:38Z" finished-at="2018-01-03T15:05:38Z">
          <exception class="org.testng.TestNGException">
            <message>
              <![CDATA[
Parameter 'browser' is required by BeforeClass on method startWebdriver but has not been marked @Optional or defined
in C:\Users\chinmaya\AppData\Local\Temp\testng-eclipse-1894314101\testng-customsuite.xml]]>
            </message>
            <full-stacktrace>
              <![CDATA[org.testng.TestNGException: 
Parameter 'browser' is required by BeforeClass on method startWebdriver but has not been marked @Optional or defined
in C:\Users\chinmaya\AppData\Local\Temp\testng-eclipse-1894314101\testng-customsuite.xml
	at org.testng.internal.Parameters.createParameters(Parameters.java:199)
	at org.testng.internal.Parameters.createParameters(Parameters.java:443)
	at org.testng.internal.Parameters.createConfigurationParameters(Parameters.java:118)
	at org.testng.internal.Invoker.invokeConfigurations(Invoker.java:203)
	at org.testng.internal.Invoker.invokeConfigurations(Invoker.java:144)
	at org.testng.internal.TestMethodWorker.invokeBeforeClassMethods(TestMethodWorker.java:169)
	at org.testng.internal.TestMethodWorker.run(TestMethodWorker.java:108)
	at org.testng.TestRunner.privateRun(TestRunner.java:756)
	at org.testng.TestRunner.run(TestRunner.java:610)
	at org.testng.SuiteRunner.runTest(SuiteRunner.java:387)
	at org.testng.SuiteRunner.runSequentially(SuiteRunner.java:382)
	at org.testng.SuiteRunner.privateRun(SuiteRunner.java:340)
	at org.testng.SuiteRunner.run(SuiteRunner.java:289)
	at org.testng.SuiteRunnerWorker.runSuite(SuiteRunnerWorker.java:52)
	at org.testng.SuiteRunnerWorker.run(SuiteRunnerWorker.java:86)
	at org.testng.TestNG.runSuitesSequentially(TestNG.java:1293)
	at org.testng.TestNG.runSuitesLocally(TestNG.java:1218)
	at org.testng.TestNG.runSuites(TestNG.java:1133)
	at org.testng.TestNG.run(TestNG.java:1104)
	at org.testng.remote.AbstractRemoteTestNG.run(AbstractRemoteTestNG.java:132)
	at org.testng.remote.RemoteTestNG.initAndRun(RemoteTestNG.java:236)
	at org.testng.remote.RemoteTestNG.main(RemoteTestNG.java:81)
]]>
            </full-stacktrace>
          </exception> <!-- org.testng.TestNGException -->
          <reporter-output>
          </reporter-output>
        </test-method> <!-- TestloginToApplicationWithValidCredentials_TC_01 -->
        <test-method status="SKIP" signature="TestResult(org.testng.ITestResult)[pri:0, instance:com.oms.tests.LoginPageTest@60438a68]" name="TestResult" is-config="true" duration-ms="0" started-at="2018-01-03T15:05:38Z" finished-at="2018-01-03T15:05:38Z">
          <reporter-output>
          </reporter-output>
        </test-method> <!-- TestResult -->
        <test-method status="SKIP" signature="endReport()[pri:0, instance:com.oms.tests.LoginPageTest@60438a68]" name="endReport" is-config="true" duration-ms="0" started-at="2018-01-03T15:05:38Z" finished-at="2018-01-03T15:05:38Z">
          <reporter-output>
          </reporter-output>
        </test-method> <!-- endReport -->
        <test-method status="FAIL" signature="oneTimeTearDown()[pri:0, instance:com.oms.tests.LoginPageTest@60438a68]" name="oneTimeTearDown" is-config="true" duration-ms="0" started-at="2018-01-03T15:05:38Z" finished-at="2018-01-03T15:05:38Z">
          <exception class="java.lang.NullPointerException">
            <full-stacktrace>
              <![CDATA[java.lang.NullPointerException
	at utils.TestBase.stopWebdriver(TestBase.java:143)
	at utils.TestBase.oneTimeTearDown(TestBase.java:174)
	at sun.reflect.NativeMethodAccessorImpl.invoke0(Native Method)
	at sun.reflect.NativeMethodAccessorImpl.invoke(Unknown Source)
	at sun.reflect.DelegatingMethodAccessorImpl.invoke(Unknown Source)
	at java.lang.reflect.Method.invoke(Unknown Source)
	at org.testng.internal.MethodInvocationHelper.invokeMethod(MethodInvocationHelper.java:104)
	at org.testng.internal.Invoker.invokeConfigurationMethod(Invoker.java:515)
	at org.testng.internal.Invoker.invokeConfigurations(Invoker.java:217)
	at org.testng.internal.Invoker.invokeConfigurations(Invoker.java:144)
	at org.testng.SuiteRunner.privateRun(SuiteRunner.java:357)
	at org.testng.SuiteRunner.run(SuiteRunner.java:289)
	at org.testng.SuiteRunnerWorker.runSuite(SuiteRunnerWorker.java:52)
	at org.testng.SuiteRunnerWorker.run(SuiteRunnerWorker.java:86)
	at org.testng.TestNG.runSuitesSequentially(TestNG.java:1293)
	at org.testng.TestNG.runSuitesLocally(TestNG.java:1218)
	at org.testng.TestNG.runSuites(TestNG.java:1133)
	at org.testng.TestNG.run(TestNG.java:1104)
	at org.testng.remote.AbstractRemoteTestNG.run(AbstractRemoteTestNG.java:132)
	at org.testng.remote.RemoteTestNG.initAndRun(RemoteTestNG.java:236)
	at org.testng.remote.RemoteTestNG.main(RemoteTestNG.java:81)
]]>
            </full-stacktrace>
          </exception> <!-- java.lang.NullPointerException -->
          <reporter-output>
          </reporter-output>
        </test-method> <!-- oneTimeTearDown -->
      </class> <!-- com.oms.tests.LoginPageTest -->
    </test> <!-- Default test -->
  </suite> <!-- Default suite -->
</testng-results>
